     1	^@^@^@^@ is 0 0		^@ is 0 0$
$
     2	^@^@^@^@ is 0 0    ^@ is 0 0$
     3	\00\00\00\00 is 0 0		\00 is 0 0$
$
     4	\00\00\00\00 is 0 0    \00 is 0 0$
     5	^A is 1 1		$
     6	^B is 2 2		$
     7	^C is 3 3		$
     8	^D is 4 4		$
     9	^E is 5 5		$
    10	^F is 6 6		$
    11	^G is 7 7		$
    12	^H is 8 8		$
    13		 is 9 9		$
$
    14	 is 10 a		$
    15	^K is 11 b		$
    16	^L is 12 c		$
$
    17	 is 13 d		$
    18	^N is 14 e		$
    19	^O is 15 f		$
    20	^P is 16 10		$
    21	^Q is 17 11		$
    22	^R is 18 12		$
    23	^S is 19 13		$
    24	^T is 20 14		$
    25	^U is 21 15		$
    26	^V is 22 16		$
    27	^W is 23 17		$
    28	^X is 24 18		$
    29	^Y is 25 19		$
    30	^Z is 26 1a		$
    31	^[ is 27 1b		$
    32	^\ is 28 1c		$
    33	^] is 29 1d		$
    34	^^ is 30 1e		$
    35	^_ is 31 1f		$
    36	  is 32 20		$
    37	! is 33 21		$
    38	" is 34 22		$
    39	# is 35 23		$
    40	$ is 36 24		$
    41	% is 37 25		$
    42	& is 38 26		$
    43	' is 39 27		$
    44	( is 40 28		$
    45	) is 41 29		$
    46	* is 42 2a		$
    47	+ is 43 2b		$
    48	, is 44 2c		$
    49	- is 45 2d		$
    50	. is 46 2e		$
    51	/ is 47 2f		$
    52	0 is 48 30		$
    53	1 is 49 31		$
    54	2 is 50 32		$
    55	3 is 51 33		$
    56	4 is 52 34		$
    57	5 is 53 35		$
    58	6 is 54 36		$
    59	7 is 55 37		$
    60	8 is 56 38		$
    61	9 is 57 39		$
    62	: is 58 3a		$
    63	; is 59 3b		$
    64	< is 60 3c		$
    65	= is 61 3d		$
    66	> is 62 3e		$
    67	? is 63 3f		$
    68	@ is 64 40		$
    69	A is 65 41		$
    70	B is 66 42		$
    71	C is 67 43		$
    72	D is 68 44		$
    73	E is 69 45		$
    74	F is 70 46		$
    75	G is 71 47		$
    76	H is 72 48		$
    77	I is 73 49		$
    78	J is 74 4a		$
    79	K is 75 4b		$
    80	L is 76 4c		$
    81	M is 77 4d		$
    82	N is 78 4e		$
    83	O is 79 4f		$
    84	P is 80 50		$
    85	Q is 81 51		$
    86	R is 82 52		$
    87	S is 83 53		$
    88	T is 84 54		$
    89	U is 85 55		$
    90	V is 86 56		$
    91	W is 87 57		$
    92	X is 88 58		$
    93	Y is 89 59		$
    94	Z is 90 5a		$
    95	[ is 91 5b		$
    96	\ is 92 5c		$
    97	] is 93 5d		$
    98	^ is 94 5e		$
    99	_ is 95 5f		$
   100	` is 96 60		$
   101	a is 97 61		$
   102	b is 98 62		$
   103	c is 99 63		$
   104	d is 100 64		$
   105	e is 101 65		$
   106	f is 102 66		$
   107	g is 103 67		$
   108	h is 104 68		$
   109	i is 105 69		$
   110	j is 106 6a		$
   111	k is 107 6b		$
   112	l is 108 6c		$
   113	m is 109 6d		$
   114	n is 110 6e		$
   115	o is 111 6f		$
   116	p is 112 70		$
   117	q is 113 71		$
   118	r is 114 72		$
   119	s is 115 73		$
   120	t is 116 74		$
   121	u is 117 75		$
   122	v is 118 76		$
   123	w is 119 77		$
   124	x is 120 78		$
   125	y is 121 79		$
   126	z is 122 7a		$
   127	{ is 123 7b$
   128	| is 124 7c		$
   129	} is 125 7d		$
   130	~ is 126 7e		$
   131	^? is 127 7f$
$
   132	str          !$
$
   133	M-PM-^_M-QM-^@ M-PM-8M-PM-2M-PM-5M-QM-^B$
   134	     $
$
   135		 end.$
$
   136	asdf$
   137	asdf$
$
   138	SQUEEZE$
$
   139	LAST$
$
